<?xml version="1.0" encoding="UTF-8"?>
<!-- Generated by org.testng.reporters.JUnitReportReporter -->
<testsuite name="assignmentTC.Sample1" tests="1" time="0.094" ignored="0" failures="0" timestamp="19 Aug 2021 07:04:23 GMT" skipped="0" hostname="DESKTOP-Q1UIHP7" errors="0">
  <testcase name="runTest" time="0.094" classname="assignmentTC.Sample1"/>
</testsuite> <!-- assignmentTC.Sample1 -->
