<?xml version="1.0" encoding="UTF-8"?>
<!-- Generated by org.testng.reporters.JUnitReportReporter -->
<testsuite name="data_Provider.Twoimension_Array" tests="5" time="0.035" ignored="0" failures="0" timestamp="13 Aug 2021 06:50:34 GMT" skipped="0" hostname="DESKTOP-Q1UIHP7" errors="0">
  <testcase name="data" time="0.000" classname="data_Provider.Twoimension_Array"/>
  <testcase name="data" time="0.000" classname="data_Provider.Twoimension_Array"/>
  <testcase name="data" time="0.031" classname="data_Provider.Twoimension_Array"/>
  <testcase name="data" time="0.004" classname="data_Provider.Twoimension_Array"/>
  <testcase name="data" time="0.000" classname="data_Provider.Twoimension_Array"/>
</testsuite> <!-- data_Provider.Twoimension_Array -->
