<?xml version="1.0" encoding="UTF-8"?>
<!-- Generated by org.testng.reporters.JUnitReportReporter -->
<testsuite name="vtiger.Random_json" tests="1" time="27.416" ignored="0" failures="0" timestamp="10 Aug 2021 20:02:20 GMT" skipped="0" hostname="DESKTOP-Q1UIHP7" errors="0">
  <testcase name="main" time="27.416" classname="vtiger.Random_json"/>
</testsuite> <!-- vtiger.Random_json -->
