<?xml version="1.0" encoding="UTF-8"?>
<!-- Generated by org.testng.reporters.JUnitReportReporter -->
<testsuite name="com.practice.ReadData_XML" tests="1" time="0.336" ignored="0" failures="0" timestamp="05 Aug 2021 22:57:08 GMT" skipped="0" hostname="DESKTOP-Q1UIHP7" errors="0">
  <testcase name="readdata_XML" time="0.336" classname="com.practice.ReadData_XML"/>
</testsuite> <!-- com.practice.ReadData_XML -->
