<?xml version="1.0" encoding="UTF-8"?>
<!-- Generated by org.testng.reporters.JUnitReportReporter -->
<testsuite skipped="0" hostname="DESKTOP-Q1UIHP7" name="data_Provider.Twoimension_Array" tests="5" failures="0" timestamp="23 Aug 2021 10:49:31 GMT" time="0.031" errors="0">
  <testcase name="data" time="0.000" classname="data_Provider.Twoimension_Array"/>
  <testcase name="data" time="0.016" classname="data_Provider.Twoimension_Array"/>
  <testcase name="data" time="0.015" classname="data_Provider.Twoimension_Array"/>
  <testcase name="data" time="0.000" classname="data_Provider.Twoimension_Array"/>
  <testcase name="data" time="0.000" classname="data_Provider.Twoimension_Array"/>
</testsuite> <!-- data_Provider.Twoimension_Array -->
