<?xml version="1.0" encoding="UTF-8"?>
<!-- Generated by org.testng.reporters.JUnitReportReporter -->
<testsuite name="vtiger.Createorg" tests="1" time="29.052" ignored="0" failures="0" timestamp="10 Aug 2021 11:51:31 GMT" skipped="0" hostname="DESKTOP-Q1UIHP7" errors="0">
  <testcase name="readdata" time="29.052" classname="vtiger.Createorg"/>
</testsuite> <!-- vtiger.Createorg -->
