<?xml version="1.0" encoding="UTF-8"?>
<!-- Generated by org.testng.reporters.JUnitReportReporter -->
<testsuite skipped="0" hostname="DESKTOP-Q1UIHP7" name="vtiger.Extentreporter" tests="2" failures="0" timestamp="27 Aug 2021 11:44:03 GMT" time="17.433" errors="0">
  <testcase name="test1" time="10.486" classname="vtiger.Extentreporter"/>
  <testcase name="test2" time="6.947" classname="vtiger.Extentreporter"/>
</testsuite> <!-- vtiger.Extentreporter -->
