<?xml version="1.0" encoding="UTF-8"?>
<!-- Generated by org.testng.reporters.JUnitReportReporter -->
<testsuite name="vtiger.CaretOrga_Json" tests="1" time="104.892" ignored="0" failures="0" timestamp="10 Aug 2021 18:36:30 GMT" skipped="0" hostname="DESKTOP-Q1UIHP7" errors="0">
  <testcase name="main" time="104.892" classname="vtiger.CaretOrga_Json"/>
</testsuite> <!-- vtiger.CaretOrga_Json -->
